INICIO: 2025-05-22 21:19:26
INPUTS
Txt Captions: captions.txt
PKT Name_img: name_img.pkl
PKT ITL: image_to_legend_indices.pkl
PKT Legendas: all_legendas.pkl
Modelo: ViT-B/32
Nome modelo salvar: ViT-B-32
Ja salvo pickle: True
PATHS
Path project_folder: /home/users/vcbenedet/FM30k/
Path tar_gz_path: /home/users/vcbenedet/FM30k/flickr30k-images.tar.gz
Path captions_path: /home/users/vcbenedet/FM30k/captions.txt
Path path_image_folder: /home/users/vcbenedet/FM30k/flickr30k-images
Path path_name_vector: /home/users/vcbenedet/FM30k/name_img.pkl
Path path_image_to_legend_indices: /home/users/vcbenedet/FM30k/image_to_legend_indices.pkl
Path path_all_legendas: /home/users/vcbenedet/FM30k/all_legendas.pkl
Path save_path_embeddings: /home/users/vcbenedet/FM30k/Inferencias/Embeddings_ViT-B-32
ESTRUTURAS
Organizando imagens e legendas
Vetor images_names carregado com sucesso usando pickle!
31783
Dicionário image_to_legend_indices carregado com sucesso usando pickle!
31783
Vetor all_legendas carregado com sucesso usando pickle!
158915
METRICAS
torch.Size([31783, 512]) cuda:0 torch.float32
torch.Size([158915, 512]) cuda:0 torch.float32
1
{'Precision@1': 0.06119623698203442, 'Recall@1': 1.0, 'F1@1': 0.11533444022770399, 'Accuracy@1': np.float64(0.06119623698203442)}
torch.Size([31783, 512]) cuda:0 torch.float32
torch.Size([158915, 512]) cuda:0 torch.float32
5
{'Precision@5': 0.03699461976528333, 'Recall@5': 1.0, 'F1@5': 0.07134968506134932, 'Accuracy@5': np.float64(0.14407072963533965)}
torch.Size([31783, 512]) cuda:0 torch.float32
torch.Size([158915, 512]) cuda:0 torch.float32
10
{'Precision@10': 0.02775383066419155, 'Recall@10': 1.0, 'F1@10': 0.054008712662750154, 'Accuracy@10': np.float64(0.19916307459962873)}
FINAL: 2025-05-22 21:19:30
