INICIO: 2025-05-22 21:45:53
INPUTS
Txt Captions: captions.txt
PKT Name_img: name_img_EN.pkl
PKT ITL: image_to_legend_indices_EN.pkl
PKT Legendas: all_legendas_EN.pkl
Modelo: ViT-B/32
Nome modelo salvar: ViT-B-32_EN
Ja salvo pickle: True
PATHS
Path project_folder: /home/users/vcbenedet/FM30k/
Path tar_gz_path: /home/users/vcbenedet/FM30k/flickr30k-images.tar.gz
Path captions_path: /home/users/vcbenedet/FM30k/captions.txt
Path path_image_folder: /home/users/vcbenedet/FM30k/flickr30k-images
Path path_name_vector: /home/users/vcbenedet/FM30k/name_img_EN.pkl
Path path_image_to_legend_indices: /home/users/vcbenedet/FM30k/image_to_legend_indices_EN.pkl
Path path_all_legendas: /home/users/vcbenedet/FM30k/all_legendas_EN.pkl
Path save_path_embeddings: /home/users/vcbenedet/FM30k/Inferencias/Embeddings_ViT-B-32_EN
ESTRUTURAS
Organizando imagens e legendas
Vetor images_names carregado com sucesso usando pickle!
31783
Dicionário image_to_legend_indices carregado com sucesso usando pickle!
31783
Vetor all_legendas carregado com sucesso usando pickle!
158914
METRICAS
torch.Size([31783, 512]) cuda:0 torch.float32
torch.Size([158914, 512]) cuda:0 torch.float32
1
{'Precision@1': 0.4020388257873706, 'Recall@1': 1.0, 'F1@1': 0.5735059805659658, 'Accuracy@1': np.float64(0.4020388257873706)}
torch.Size([31783, 512]) cuda:0 torch.float32
torch.Size([158914, 512]) cuda:0 torch.float32
5
{'Precision@5': 0.24666645691092723, 'Recall@5': 1.0, 'F1@5': 0.39572165520861724, 'Accuracy@5': np.float64(0.6433628040147249)}
torch.Size([31783, 512]) cuda:0 torch.float32
torch.Size([158914, 512]) cuda:0 torch.float32
10
{'Precision@10': 0.16505679136645376, 'Recall@10': 1.0, 'F1@10': 0.2833454859704556, 'Accuracy@10': np.float64(0.7333794795960105)}
FINAL: 2025-05-22 21:45:59
