INICIO: 2025-05-22 21:01:14
INPUTS
Txt Captions: captions.txt
PKT Name_img: name_img.pkl
PKT ITL: image_to_legend_indices.pkl
PKT Legendas: all_legendas.pkl
Modelo: ViT-B/32
Nome modelo salvar: mclip-b32
Ja salvo pickle: True
PATHS
Path project_folder: /home/users/vcbenedet/FM30k/
Path tar_gz_path: /home/users/vcbenedet/FM30k/flickr30k-images.tar.gz
Path captions_path: /home/users/vcbenedet/FM30k/captions.txt
Path path_image_folder: /home/users/vcbenedet/FM30k/flickr30k-images
Path path_name_vector: /home/users/vcbenedet/FM30k/name_img.pkl
Path path_image_to_legend_indices: /home/users/vcbenedet/FM30k/image_to_legend_indices.pkl
Path path_all_legendas: /home/users/vcbenedet/FM30k/all_legendas.pkl
Path save_path_embeddings: /home/users/vcbenedet/FM30k/Inferencias/Embeddings_mclip-b32
ESTRUTURAS
Organizando imagens e legendas
Vetor images_names carregado com sucesso usando pickle!
31783
Dicionário image_to_legend_indices carregado com sucesso usando pickle!
31783
Vetor all_legendas carregado com sucesso usando pickle!
158915
METRICAS
torch.Size([31783, 512]) cuda:0 torch.float32
torch.Size([158915, 512]) cuda:0 torch.float32
1
{'Precision@1': 0.3767108202498191, 'Recall@1': 1.0, 'F1@1': 0.5472620897705458, 'Accuracy@1': np.float64(0.3767108202498191)}
torch.Size([31783, 512]) cuda:0 torch.float32
torch.Size([158915, 512]) cuda:0 torch.float32
5
{'Precision@5': 0.2326904319919454, 'Recall@5': 1.0, 'F1@5': 0.3775326326106599, 'Accuracy@5': np.float64(0.6178145549507599)}
torch.Size([31783, 512]) cuda:0 torch.float32
torch.Size([158915, 512]) cuda:0 torch.float32
10
{'Precision@10': 0.15753704810747884, 'Recall@10': 1.0, 'F1@10': 0.2721935308507747, 'Accuracy@10': np.float64(0.713085611805053)}
FINAL: 2025-05-22 21:01:19
