INICIO: 2025-05-17 21:02:59
INPUTS
Txt Captions: captions.txt
PKT Name_img: name_img_EN.pkl
PKT ITL: image_to_legend_indices_EN.pkl
PKT Legendas: all_legendas_en_to_pt_full.pkl
Modelo: ViT-B/32
Nome modelo salvar: ViT-B-32_en_to_pt
Ja salvo pickle: True
PATHS
Path project_folder: /home/users/vcbenedet/FM30k/
Path tar_gz_path: /home/users/vcbenedet/FM30k/flickr30k-images.tar.gz
Path captions_path: /home/users/vcbenedet/FM30k/captions.txt
Path path_image_folder: /home/users/vcbenedet/FM30k/flickr30k-images
Path path_name_vector: /home/users/vcbenedet/FM30k/name_img_EN.pkl
Path path_image_to_legend_indices: /home/users/vcbenedet/FM30k/image_to_legend_indices_EN.pkl
Path path_all_legendas: /home/users/vcbenedet/FM30k/all_legendas_en_to_pt_full.pkl
Path save_path_embeddings: /home/users/vcbenedet/FM30k/Inferencias/Embeddings_ViT-B-32_en_to_pt
ESTRUTURAS
Organizando imagens e legendas
Vetor images_names carregado com sucesso usando pickle!
31783
Dicionário image_to_legend_indices carregado com sucesso usando pickle!
31783
Vetor all_legendas carregado com sucesso usando pickle!
158914
GERACAO
Geração dos Embeddings Dataset Completo
Device usado cuda
Embeddings de imagem image_embeddings_ViT-B-32_en_to_pt.pt salvos com sucesso no diretório /home/users/vcbenedet/FM30k/Inferencias/Embeddings_ViT-B-32_en_to_pt!
Embeddings de texto text_embeddings_ViT-B-32_en_to_pt.pt salvos com sucesso no diretório /home/users/vcbenedet/FM30k/Inferencias/Embeddings_ViT-B-32_en_to_pt!
FINAL: 2025-05-17 21:06:34
