INICIO: 2025-05-17 20:17:36
INPUTS
Txt Captions: captions.txt
PKT Name_img: name_img_100.pkl
PKT ITL: image_to_legend_indices_100.pkl
PKT Legendas: all_legendas_100.pkl
Modelo: ViT-B/32
Nome modelo salvar: ViT-B-32
Ja salvo pickle: True
PATHS
Path project_folder: /home/users/vcbenedet/FM30k/
Path tar_gz_path: /home/users/vcbenedet/FM30k/flickr30k-images.tar.gz
Path captions_path: /home/users/vcbenedet/FM30k/captions.txt
Path path_image_folder: /home/users/vcbenedet/FM30k/flickr30k-images
Path path_name_vector: /home/users/vcbenedet/FM30k/name_img_100.pkl
Path path_image_to_legend_indices: /home/users/vcbenedet/FM30k/image_to_legend_indices_100.pkl
Path path_all_legendas: /home/users/vcbenedet/FM30k/all_legendas_100.pkl
Path save_path_embeddings: /home/users/vcbenedet/FM30k/Inferencias/Embeddings_ViT-B-32
ESTRUTURAS
Organizando imagens e legendas
Vetor images_names carregado com sucesso usando pickle!
20
Dicionário image_to_legend_indices carregado com sucesso usando pickle!
20
Vetor all_legendas carregado com sucesso usando pickle!
100
GERACAO
Geração dos Embeddings Dataset Completo
Device usado cuda
Embeddings de imagem image_embeddings_ViT-B-32.pt salvos com sucesso no diretório /home/users/vcbenedet/FM30k/Inferencias/Embeddings_ViT-B-32!
Embeddings de texto text_embeddings_ViT-B-32.pt salvos com sucesso no diretório /home/users/vcbenedet/FM30k/Inferencias/Embeddings_ViT-B-32!
FINAL: 2025-05-17 20:18:05
