INICIO: 2025-05-19 23:05:43
INPUTS
Txt Captions: captions.txt
PKT Name_img: name_img_1000.pkl
PKT ITL: image_to_legend_indices_1000.pkl
PKT Legendas: all_legendas_1000.pkl
base_finetuning: ViT-B/32
Ja salvo pickle: True
N folds: 5
seed: 42
fold_id: 0
epochs: 3
nome_salvar: ViT-B-32_seed42_0_1000
PATHS
Path project_folder: /home/users/vcbenedet/FM30k/
Path tar_gz_path: /home/users/vcbenedet/FM30k/flickr30k-images.tar.gz
Path captions_path: /home/users/vcbenedet/FM30k/captions.txt
Path path_image_folder: /home/users/vcbenedet/FM30k/flickr30k-images
Path path_name_vector: /home/users/vcbenedet/FM30k/name_img_1000.pkl
Path path_image_to_legend_indices: /home/users/vcbenedet/FM30k/image_to_legend_indices_1000.pkl
Path path_all_legendas: /home/users/vcbenedet/FM30k/all_legendas_1000.pkl
Path finetuning_path: /home/users/vcbenedet/FM30k/Finetuning/clip_finetuned_ViT-B-32_seed42_0_1000.pth
ESTRUTURAS
Organizando imagens e legendas
Vetor images_names carregado com sucesso usando pickle!
1000
Dicionário image_to_legend_indices carregado com sucesso usando pickle!
1000
Vetor all_legendas carregado com sucesso usando pickle!
5000
FOLDS
FINETUNING

 Epoch 1/3 - Loss total: 148.5514

 Epoch 2/3 - Loss total: 145.6410

 Epoch 3/3 - Loss total: 144.2160
