INICIO: 2025-05-20 08:36:01
INPUTS
Txt Captions: captions.txt
PKT Name_img: name_img.pkl
PKT ITL: image_to_legend_indices.pkl
PKT Legendas: all_legendas.pkl
base_finetuning: ViT-B/32
Ja salvo pickle: True
N folds: 5
seed: 42
fold_id: 1
epochs: 10
nome_salvar: ViT-B-32_seed42_1
PATHS
Path project_folder: /home/users/vcbenedet/FM30k/
Path tar_gz_path: /home/users/vcbenedet/FM30k/flickr30k-images.tar.gz
Path captions_path: /home/users/vcbenedet/FM30k/captions.txt
Path path_image_folder: /home/users/vcbenedet/FM30k/flickr30k-images
Path path_name_vector: /home/users/vcbenedet/FM30k/name_img.pkl
Path path_image_to_legend_indices: /home/users/vcbenedet/FM30k/image_to_legend_indices.pkl
Path path_all_legendas: /home/users/vcbenedet/FM30k/all_legendas.pkl
Path finetuning_path: /home/users/vcbenedet/FM30k/Finetuning/clip_finetuned_ViT-B-32_seed42_1.pth
ESTRUTURAS
Organizando imagens e legendas
Vetor images_names carregado com sucesso usando pickle!
31783
Dicionário image_to_legend_indices carregado com sucesso usando pickle!
31783
Vetor all_legendas carregado com sucesso usando pickle!
158915
FOLDS
FINETUNING
