INICIO: 2025-05-18 11:02:01
INPUTS
Txt Captions: captions.txt
PKT Name_img: name_img.pkl
PKT ITL: image_to_legend_indices.pkl
PKT Legendas: all_legendas_pt_to_en_full.pkl
Modelo: ViT-B/32
Nome modelo salvar: ViT-B-32_pt_to_en
Ja salvo pickle: True
PATHS
Path project_folder: /home/users/vcbenedet/FM30k/
Path tar_gz_path: /home/users/vcbenedet/FM30k/flickr30k-images.tar.gz
Path captions_path: /home/users/vcbenedet/FM30k/captions.txt
Path path_image_folder: /home/users/vcbenedet/FM30k/flickr30k-images
Path path_name_vector: /home/users/vcbenedet/FM30k/name_img.pkl
Path path_image_to_legend_indices: /home/users/vcbenedet/FM30k/image_to_legend_indices.pkl
Path path_all_legendas: /home/users/vcbenedet/FM30k/all_legendas_pt_to_en_full.pkl
Path save_path_embeddings: /home/users/vcbenedet/FM30k/Inferencias/Embeddings_ViT-B-32_pt_to_en
ESTRUTURAS
Organizando imagens e legendas
Vetor images_names carregado com sucesso usando pickle!
31783
Dicionário image_to_legend_indices carregado com sucesso usando pickle!
31783
Vetor all_legendas carregado com sucesso usando pickle!
158915
METRICAS
(Imagem ➔ Texto)
✅ Top-5 Accuracy: 0.5628
✅ mAP: 0.1529
✅ Precision@5: 0.1993
✅ Recall@5: 0.1993
✅ MRR: 0.4155
✅ F1-Score@5: 0.1993
(Texto ➔ Imagem)
✅ Top-5 Accuracy: 0.3319
✅ mAP: 0.2242
✅ Precision@5: 0.0664
✅ Recall@5: 0.3319
✅ MRR: 0.2242
✅ F1-Score@5: 0.1106
FINAL: 2025-05-18 11:04:51
