INICIO: 2025-05-18 11:14:51
INPUTS
Txt Captions: captions.txt
PKT Name_img: name_img_EN.pkl
PKT ITL: image_to_legend_indices_EN.pkl
PKT Legendas: all_legendas_en_to_pt_full.pkl
Modelo: ViT-B/32
Nome modelo salvar: ViT-B-32_en_to_pt
Ja salvo pickle: True
PATHS
Path project_folder: /home/users/vcbenedet/FM30k/
Path tar_gz_path: /home/users/vcbenedet/FM30k/flickr30k-images.tar.gz
Path captions_path: /home/users/vcbenedet/FM30k/captions.txt
Path path_image_folder: /home/users/vcbenedet/FM30k/flickr30k-images
Path path_name_vector: /home/users/vcbenedet/FM30k/name_img_EN.pkl
Path path_image_to_legend_indices: /home/users/vcbenedet/FM30k/image_to_legend_indices_EN.pkl
Path path_all_legendas: /home/users/vcbenedet/FM30k/all_legendas_en_to_pt_full.pkl
Path save_path_embeddings: /home/users/vcbenedet/FM30k/Inferencias/Embeddings_ViT-B-32_en_to_pt
ESTRUTURAS
Organizando imagens e legendas
Vetor images_names carregado com sucesso usando pickle!
31783
Dicionário image_to_legend_indices carregado com sucesso usando pickle!
31783
Vetor all_legendas carregado com sucesso usando pickle!
158914
METRICAS
(Imagem ➔ Texto)
✅ Top-5 Accuracy: 0.1451
✅ mAP: 0.0252
✅ Precision@5: 0.0384
✅ Recall@5: 0.0384
✅ MRR: 0.0907
✅ F1-Score@5: 0.0384
(Texto ➔ Imagem)
✅ Top-5 Accuracy: 0.0471
✅ mAP: 0.0270
✅ Precision@5: 0.0094
✅ Recall@5: 0.0471
✅ MRR: 0.0270
✅ F1-Score@5: 0.0157
FINAL: 2025-05-18 11:17:46
