INICIO: 2025-05-19 21:57:08
INPUTS
Txt Captions: captions.txt
PKT Name_img: name_img_EN.pkl
PKT ITL: image_to_legend_indices_EN.pkl
PKT Legendas: all_legendas_EN.pkl
Modelo: ViT-B/32
Nome modelo salvar: ViT-B-32_EN
Ja salvo pickle: True
PATHS
Path project_folder: /home/users/vcbenedet/FM30k/
Path tar_gz_path: /home/users/vcbenedet/FM30k/flickr30k-images.tar.gz
Path captions_path: /home/users/vcbenedet/FM30k/captions.txt
Path path_image_folder: /home/users/vcbenedet/FM30k/flickr30k-images
Path path_name_vector: /home/users/vcbenedet/FM30k/name_img_EN.pkl
Path path_image_to_legend_indices: /home/users/vcbenedet/FM30k/image_to_legend_indices_EN.pkl
Path path_all_legendas: /home/users/vcbenedet/FM30k/all_legendas_EN.pkl
Path save_path_embeddings: /home/users/vcbenedet/FM30k/Inferencias/Embeddings_ViT-B-32_EN
ESTRUTURAS
Organizando imagens e legendas
Vetor images_names carregado com sucesso usando pickle!
31783
Dicionário image_to_legend_indices carregado com sucesso usando pickle!
31783
Vetor all_legendas carregado com sucesso usando pickle!
158914
METRICAS
(Imagem ➔ Texto)
✅ Top-5 Accuracy: 0.6438
✅ mAP: 0.1958
✅ Precision@5: 0.2468
✅ Recall@5: 0.2468
✅ MRR: 0.4929
✅ F1-Score@5: 0.2468
(Texto ➔ Imagem)
✅ Top-5 Accuracy: 0.4123
✅ mAP: 0.2871
✅ Precision@5: 0.0825
✅ Recall@5: 0.4123
✅ MRR: 0.2871
✅ F1-Score@5: 0.1374
FINAL: 2025-05-19 21:59:54
