INICIO: 2025-05-21 22:42:36
INPUTS
Txt Captions: captions.txt
PKT Name_img: name_img.pkl
PKT ITL: image_to_legend_indices.pkl
PKT Legendas: all_legendas.pkl
Modelo: ViT-B/32
Nome modelo salvar: mclip-b32
Ja salvo pickle: True
PATHS
Path project_folder: /home/users/vcbenedet/FM30k/
Path tar_gz_path: /home/users/vcbenedet/FM30k/flickr30k-images.tar.gz
Path captions_path: /home/users/vcbenedet/FM30k/captions.txt
Path path_image_folder: /home/users/vcbenedet/FM30k/flickr30k-images
Path path_name_vector: /home/users/vcbenedet/FM30k/name_img.pkl
Path path_image_to_legend_indices: /home/users/vcbenedet/FM30k/image_to_legend_indices.pkl
Path path_all_legendas: /home/users/vcbenedet/FM30k/all_legendas.pkl
Path save_path_embeddings: /home/users/vcbenedet/FM30k/Inferencias/Embeddings_mclip-b32
ESTRUTURAS
Organizando imagens e legendas
Vetor images_names carregado com sucesso usando pickle!
31783
Dicionário image_to_legend_indices carregado com sucesso usando pickle!
31783
Vetor all_legendas carregado com sucesso usando pickle!
158915
GERACAO
Geração dos Embeddings com M-CLIP (Multilingual CLIP)
Device usado: cuda
Shape
torch.Size([158915, 512])
Embeddings de imagem salvos como image_embeddings_mclip-b32.pt
Embeddings de texto salvos como text_embeddings_mclip-b32.pt
FINAL: 2025-05-21 23:43:39
